<?xml version="1.0" encoding="UTF-8"?>
<!-- Generated by org.testng.reporters.JUnitXMLReporter -->
<testsuite ignored="0" hostname="DESKTOP-RS2DVHI" failures="0" tests="9" name="Default test" time="5.016" errors="0" timestamp="2023-01-14T21:29:37 IST">
  <testcase classname="jiraapi.JiraApiSessionFilter" name="authentication" time="2.262"/>
  <testcase classname="jiraapi.JiraApiSessionFilter" name="createIssue" time="0.171"/>
  <testcase classname="jiraapi.JiraApiSessionFilter" name="addComment" time="1.278"/>
  <testcase classname="jiraapi.JiraApiSessionFilter" name="addAttachment" time="0.338"/>
  <testcase classname="jiraapi.JiraApiSessionFilter" name="addMultipleComment" time="0.096"/>
  <testcase classname="jiraapi.JiraApiSessionFilter" name="addMultipleComment" time="0.124"/>
  <testcase classname="jiraapi.JiraApiSessionFilter" name="getIssueDetail" time="0.144"/>
  <testcase classname="jiraapi.JiraApiSessionFilter" name="filterIssuebyAttachment" time="0.071"/>
  <testcase classname="jiraapi.JiraApiSessionFilter" name="verifyCommentSuccessfulladded" time="0.383"/>
</testsuite> <!-- Default test -->
